2024-09-02 08:08:09 - Gagal mengirim absensi. Status code: 403
2024-09-02 08:13:44 - Gagal mengirim absensi. Pesan: 
2024-09-02 08:14:33 - Gagal mengirim absensi. Pesan: Anda sudah absen!
2024-09-02 08:22:58 - Script started
2024-09-02 08:22:58 - API response: {"success":false,"message":"Anda sudah absen!"}
2024-09-02 08:22:58 - Gagal mengirim absensi. Pesan: Anda sudah absen!
2024-09-02 08:22:58 - Script ended
2024-09-02 08:26:00 - Script started
2024-09-02 08:26:00 - API response: {"success":false,"message":"Anda sudah absen!"}
2024-09-02 08:26:00 - Gagal mengirim absensi. Pesan: Anda sudah absen!
2024-09-02 08:26:00 - Script ended
2024-10-22 07:28:05 - Script started
2024-10-22 07:28:05 - API response: {"success":false,"message":"Anda sudah absen!"}
2024-10-22 07:28:05 - Gagal mengirim absensi. Pesan: Anda sudah absen!
2024-10-22 07:28:05 - Script ended
2024-10-23 08:53:44 - Script started
2024-10-23 08:53:44 - API response: {"success":true,"status":2,"message":"Anda telat absen selama 53 menit"}
2024-10-23 08:53:44 - Absensi berhasil dikirim.
2024-10-23 08:53:44 - Script ended
2024-10-24 07:34:30 - Script started
2024-10-24 07:34:30 - API response: {"success":true,"status":1,"message":"Berhasil absen tepat waktu!"}
2024-10-24 07:34:30 - Absensi berhasil dikirim.
2024-10-24 07:34:30 - Script ended
2024-10-25 07:37:19 - Script started
2024-10-25 07:37:19 - API response: {"success":true,"status":1,"message":"Berhasil absen tepat waktu!"}
2024-10-25 07:37:19 - Absensi berhasil dikirim.
2024-10-25 07:37:19 - Script ended
2024-10-28 07:41:46 - Script started
2024-10-28 07:41:46 - API response: {"success":true,"status":1,"message":"Berhasil absen tepat waktu!"}
2024-10-28 07:41:46 - Absensi berhasil dikirim.
2024-10-28 07:41:46 - Script ended
2024-10-29 07:19:50 - Script started
2024-10-29 07:19:50 - API response: {"success":true,"status":1,"message":"Berhasil absen tepat waktu!"}
2024-10-29 07:19:50 - Absensi berhasil dikirim.
2024-10-29 07:19:50 - Script ended
2024-10-30 07:08:26 - Script started
2024-10-30 07:08:26 - API response: {"success":true,"status":1,"message":"Berhasil absen tepat waktu!"}
2024-10-30 07:08:26 - Absensi berhasil dikirim.
2024-10-30 07:08:26 - Script ended
2024-10-31 07:49:23 - Script started
2024-10-31 07:49:23 - API response: {"success":true,"status":1,"message":"Berhasil absen tepat waktu!"}
2024-10-31 07:49:23 - Absensi berhasil dikirim.
2024-10-31 07:49:23 - Script ended
2024-11-01 07:54:15 - Script started
2024-11-01 07:54:15 - API response: {"success":true,"status":1,"message":"Berhasil absen tepat waktu!"}
2024-11-01 07:54:15 - Absensi berhasil dikirim.
2024-11-01 07:54:15 - Script ended
2024-11-04 07:15:43 - Script started
2024-11-04 07:15:43 - API response: {"success":true,"status":1,"message":"Berhasil absen tepat waktu!"}
2024-11-04 07:15:43 - Absensi berhasil dikirim.
2024-11-04 07:15:43 - Script ended
2024-11-05 07:33:38 - Script started
2024-11-05 07:33:38 - API response: {"success":true,"status":1,"message":"Berhasil absen tepat waktu!"}
2024-11-05 07:33:38 - Absensi berhasil dikirim.
2024-11-05 07:33:38 - Script ended
2024-11-06 07:38:40 - Script started
2024-11-06 07:38:40 - API response: {"success":true,"status":1,"message":"Berhasil absen tepat waktu!"}
2024-11-06 07:38:40 - Absensi berhasil dikirim.
2024-11-06 07:38:40 - Script ended
2024-11-07 07:52:44 - Script started
2024-11-07 07:52:44 - API response: {"success":true,"status":1,"message":"Berhasil absen tepat waktu!"}
2024-11-07 07:52:44 - Absensi berhasil dikirim.
2024-11-07 07:52:44 - Script ended
